TN:
SF:01-requestcount.js
FN:13,countMiddleware
FNF:1
FNH:1
FNDA:12,countMiddleware
DA:1,1
DA:2,1
DA:3,1
DA:4,1
DA:5,1
DA:6,1
DA:7,1
DA:8,1
DA:9,1
DA:10,1
DA:11,1
DA:12,1
DA:13,1
DA:14,12
DA:15,12
DA:16,12
DA:17,1
DA:18,1
DA:19,10
DA:20,1
DA:21,1
DA:22,1
DA:23,0
DA:24,1
DA:25,1
DA:26,1
DA:27,2
DA:28,1
DA:29,1
DA:30,1
LF:30
LH:29
BRDA:13,0,0,12
BRDA:18,1,0,10
BRDA:26,2,0,2
BRF:3
BRH:3
end_of_record
TN:
SF:02-ratelimitter.js
FN:20,increaseCount
FNF:1
FNH:1
FNDA:13,increaseCount
DA:1,1
DA:2,1
DA:3,1
DA:4,1
DA:5,1
DA:6,1
DA:7,1
DA:8,1
DA:9,1
DA:10,1
DA:11,1
DA:12,1
DA:13,1
DA:14,1
DA:15,1
DA:16,1
DA:17,2
DA:18,1
DA:19,1
DA:20,13
DA:21,13
DA:22,13
DA:23,11
DA:24,11
DA:25,2
DA:26,2
DA:27,2
DA:28,13
DA:29,8
DA:30,8
DA:31,5
DA:32,5
DA:33,1
DA:34,1
DA:35,5
DA:36,1
DA:37,1
DA:38,1
DA:39,0
DA:40,1
DA:41,1
DA:42,1
LF:42
LH:41
BRDA:16,0,0,2
BRDA:20,1,0,13
BRDA:22,2,0,11
BRDA:25,3,0,2
BRDA:28,4,0,8
BRDA:30,5,0,5
BRDA:34,6,0,5
BRF:7
BRH:7
end_of_record
TN:
SF:03-errorcount.js
FNF:0
FNH:0
DA:1,1
DA:2,1
DA:3,1
DA:4,1
DA:5,1
DA:6,1
DA:7,1
DA:8,1
DA:9,1
DA:10,1
DA:11,1
DA:12,1
DA:13,0
DA:14,0
DA:15,0
DA:16,0
DA:17,0
DA:18,0
DA:19,1
DA:20,1
DA:21,1
DA:22,11
DA:23,11
DA:24,0
DA:25,11
DA:26,11
DA:27,11
DA:28,1
DA:29,1
DA:30,1
DA:31,0
DA:32,1
DA:33,1
DA:34,1
DA:35,2
DA:36,1
DA:37,1
DA:38,1
DA:39,11
DA:40,11
DA:41,1
DA:42,1
DA:43,1
DA:44,1
LF:44
LH:36
BRDA:21,0,0,11
BRDA:23,1,0,0
BRDA:34,2,0,2
BRDA:38,3,0,11
BRF:4
BRH:3
end_of_record
